2023-10-04 09:54:28,800 - elsapy.elsclient - INFO - Module loaded.
2023-10-04 09:54:29,024 - elsapy.elsentity - INFO - Module loaded.
2023-10-04 09:54:29,024 - elsapy.utils - INFO - Module loaded.
2023-10-04 09:54:29,024 - elsapy.elsprofile - INFO - Module loaded.
2023-10-04 09:54:29,025 - elsapy.elsdoc - INFO - Module loaded.
2023-10-04 09:54:29,025 - elsapy.elssearch - INFO - Module loaded.
2023-10-04 09:54:29,805 - elsapy.elsclient - INFO - Sending GET request to https://api.elsevier.com/content/search/scopus?query=Markov+decision+process+for+loan+default+risk
2023-10-04 09:56:10,535 - elsapy.elsclient - INFO - Sending GET request to https://api.elsevier.com/content/search/scopus?query=Markov+decision+process+for+loan+default+risk
2023-10-04 09:56:11,818 - elsapy.utils - INFO - Converting prism:coverDate
2023-10-04 10:11:20,683 - elsapy.elsclient - INFO - Sending GET request to https://api.elsevier.com/content/search/scopus?query=%22Markov+decision+process%22+AND+%22loan+default+risk%22
2023-10-04 10:11:46,101 - elsapy.elsclient - INFO - Sending GET request to https://api.elsevier.com/content/search/scopus?query=%22Markov+decision+process%22+AND+%22loan+default%22
2023-10-04 10:11:46,835 - elsapy.utils - INFO - Converting prism:coverDate
2023-10-04 10:11:59,732 - elsapy.elsclient - INFO - Sending GET request to https://api.elsevier.com/content/search/scopus?query=%22Markov+decision+process%22+AND+%22loan+default%22
2023-10-04 10:12:00,351 - elsapy.utils - INFO - Converting prism:coverDate
2023-10-04 10:12:21,965 - elsapy.elsclient - INFO - Sending GET request to https://api.elsevier.com/content/search/scopus?query=%22Markov+decision+process%22+AND+%22loan%22
2023-10-04 10:12:23,749 - elsapy.elsclient - INFO - Sending GET request to https://api.elsevier.com/content/search/scopus?start=25&count=25&query=%22Markov+decision+process%22+AND+%22loan%22
2023-10-04 10:12:25,816 - elsapy.elsclient - INFO - Sending GET request to https://api.elsevier.com/content/search/scopus?start=50&count=25&query=%22Markov+decision+process%22+AND+%22loan%22
2023-10-04 10:12:27,865 - elsapy.elsclient - INFO - Sending GET request to https://api.elsevier.com/content/search/scopus?start=75&count=25&query=%22Markov+decision+process%22+AND+%22loan%22
2023-10-04 10:12:29,813 - elsapy.elsclient - INFO - Sending GET request to https://api.elsevier.com/content/search/scopus?start=100&count=25&query=%22Markov+decision+process%22+AND+%22loan%22
2023-10-04 10:12:31,564 - elsapy.elsclient - INFO - Sending GET request to https://api.elsevier.com/content/search/scopus?start=125&count=25&query=%22Markov+decision+process%22+AND+%22loan%22
2023-10-04 10:12:33,399 - elsapy.elsclient - INFO - Sending GET request to https://api.elsevier.com/content/search/scopus?start=150&count=25&query=%22Markov+decision+process%22+AND+%22loan%22
2023-10-04 10:12:35,211 - elsapy.elsclient - INFO - Sending GET request to https://api.elsevier.com/content/search/scopus?start=175&count=25&query=%22Markov+decision+process%22+AND+%22loan%22
2023-10-04 10:12:37,083 - elsapy.elsclient - INFO - Sending GET request to https://api.elsevier.com/content/search/scopus?start=200&count=25&query=%22Markov+decision+process%22+AND+%22loan%22
2023-10-04 10:12:37,806 - elsapy.utils - INFO - Converting prism:coverDate
2023-10-04 10:18:49,158 - elsapy.elsclient - INFO - Sending GET request to https://api.elsevier.com/content/search/scopus?query=%22Markov+decision+process%22+AND+%22credit+risk%22
2023-10-04 10:18:51,045 - elsapy.elsclient - INFO - Sending GET request to https://api.elsevier.com/content/search/scopus?start=25&count=25&query=%22Markov+decision+process%22+AND+%22credit+risk%22
2023-10-04 10:18:53,507 - elsapy.elsclient - INFO - Sending GET request to https://api.elsevier.com/content/search/scopus?start=50&count=25&query=%22Markov+decision+process%22+AND+%22credit+risk%22
2023-10-04 10:18:58,749 - elsapy.elsclient - INFO - Sending GET request to https://api.elsevier.com/content/search/scopus?start=75&count=25&query=%22Markov+decision+process%22+AND+%22credit+risk%22
2023-10-04 10:19:01,493 - elsapy.elsclient - INFO - Sending GET request to https://api.elsevier.com/content/search/scopus?start=100&count=25&query=%22Markov+decision+process%22+AND+%22credit+risk%22
2023-10-04 10:19:03,465 - elsapy.utils - INFO - Converting prism:coverDate
2023-10-04 10:46:40,605 - elsapy.elsclient - INFO - Sending GET request to https://api.elsevier.com/content/search/scopus?query=journals%28Expert+Systems+with+Applications%29+OR+journals%28European+Journal+of+Operational+Research%29+OR+journals%28Decision+Support+Systems%29+OR+journals%28Journal+of+the+Royal+Statistical+Society.+Series+A%3A+Statistics+in+Society%29+OR+journals%28Econometric+Theory%29+OR+journals%28Journal+of+Financial+Stability%29+OR+journals%28Annals+of+Operations+Research%29+OR+journals%28Journal+of+Banking+and+Finance%29+OR+journals%28Operations+Research%29+OR+journals%28International+Journal+of+Forecasting%29
2023-10-04 10:48:01,837 - elsapy.elsclient - INFO - Sending GET request to https://api.elsevier.com/content/search/scopus?query=%22Markov+decision+process%22+AND+%22credit+risk%22journals%28Expert+Systems+with+Applications%29+OR+journals%28European+Journal+of+Operational+Research%29+OR+journals%28Decision+Support+Systems%29+OR+journals%28Journal+of+the+Royal+Statistical+Society.+Series+A%3A+Statistics+in+Society%29+OR+journals%28Econometric+Theory%29+OR+journals%28Journal+of+Financial+Stability%29+OR+journals%28Annals+of+Operations+Research%29+OR+journals%28Journal+of+Banking+and+Finance%29+OR+journals%28Operations+Research%29+OR+journals%28International+Journal+of+Forecasting%29
2023-10-04 10:55:44,677 - elsapy.elsclient - INFO - Sending GET request to https://api.elsevier.com/content/search/scopus?query=%22Markov+decision+process%22+AND+%22credit+risk%22+AND+%28journals%28Expert+Systems+with+Applications%29+OR+journals%28European+Journal+of+Operational+Research%29+OR+journals%28Decision+Support+Systems%29+OR+journals%28Journal+of+the+Royal+Statistical+Society.+Series+A%3A+Statistics+in+Society%29+OR+journals%28Econometric+Theory%29+OR+journals%28Journal+of+Financial+Stability%29+OR+journals%28Annals+of+Operations+Research%29+OR+journals%28Journal+of+Banking+and+Finance%29+OR+journals%28Operations+Research%29+OR+journals%28International+Journal+of+Forecasting%29%29
2023-10-04 10:56:40,754 - elsapy.elsclient - INFO - Sending GET request to https://api.elsevier.com/content/search/scopus?query=%22Markov+decision+process%22+AND+%22credit+risk%22
2023-10-04 10:56:42,487 - elsapy.elsclient - INFO - Sending GET request to https://api.elsevier.com/content/search/scopus?start=25&count=25&query=%22Markov+decision+process%22+AND+%22credit+risk%22
2023-10-04 10:56:44,332 - elsapy.elsclient - INFO - Sending GET request to https://api.elsevier.com/content/search/scopus?start=50&count=25&query=%22Markov+decision+process%22+AND+%22credit+risk%22
2023-10-04 10:56:46,153 - elsapy.elsclient - INFO - Sending GET request to https://api.elsevier.com/content/search/scopus?start=75&count=25&query=%22Markov+decision+process%22+AND+%22credit+risk%22
2023-10-04 10:56:47,906 - elsapy.elsclient - INFO - Sending GET request to https://api.elsevier.com/content/search/scopus?start=100&count=25&query=%22Markov+decision+process%22+AND+%22credit+risk%22
2023-10-04 10:56:48,486 - elsapy.utils - INFO - Converting prism:coverDate
2023-10-04 10:58:59,568 - elsapy.elsclient - INFO - Sending GET request to https://api.elsevier.com/content/search/scopus?query=%22Markov+decision+process%22+AND+%22credit+risk%22+AND+%28journals%28%27Expert+Systems+with+Applications%27%29+OR+journals%28%27European+Journal+of+Operational+Research%27%29+OR+journals%28%27Decision+Support+Systems%27%29+OR+journals%28%27Journal+of+the+Royal+Statistical+Society.+Series+A%3A+Statistics+in+Society%27%29+OR+journals%28%27Econometric+Theory%27%29+OR+journals%28%27Journal+of+Financial+Stability%27%29+OR+journals%28%27Annals+of+Operations+Research%27%29+OR+journals%28%27Journal+of+Banking+and+Finance%27%29+OR+journals%28%27Operations+Research%27%29+OR+journals%28%27International+Journal+of+Forecasting%27%29%29
2023-10-04 11:03:15,603 - elsapy.elsclient - INFO - Sending GET request to https://api.elsevier.com/content/search/scopus?query=%22Markov+decision+process%22+AND+%22credit+risk%22+AND+%28journals%28%27Expert+Systems+with+Applications%27%29+OR+journals%28%27European+Journal+of+Operational+Research%27%29+OR+journals%28%27Decision+Support+Systems%27%29+OR+journals%28%27Journal+of+the+Royal+Statistical+Society.+Series+A%3A+Statistics+in+Society%27%29+OR+journals%28%27Econometric+Theory%27%29+OR+journals%28%27Journal+of+Financial+Stability%27%29+OR+journals%28%27Annals+of+Operations+Research%27%29+OR+journals%28%27Journal+of+Banking+and+Finance%27%29+OR+journals%28%27Operations+Research%27%29+OR+journals%28%27International+Journal+of+Forecasting%27%29%29+AND+%28pubyear+%3D+2015+OR+pubyear+%3D+2016+OR+pubyear+%3D+2017+OR+pubyear+%3D+2018+OR+pubyear+%3D+2019%29
2023-10-04 11:05:52,475 - elsapy.elsclient - INFO - Sending GET request to https://api.elsevier.com/content/search/scopus?query=%22Markov+decision+process%22+AND+%22credit+risk%22
2023-10-04 11:05:54,181 - elsapy.elsclient - INFO - Sending GET request to https://api.elsevier.com/content/search/scopus?start=25&count=25&query=%22Markov+decision+process%22+AND+%22credit+risk%22
2023-10-04 11:05:55,926 - elsapy.elsclient - INFO - Sending GET request to https://api.elsevier.com/content/search/scopus?start=50&count=25&query=%22Markov+decision+process%22+AND+%22credit+risk%22
2023-10-04 11:05:57,816 - elsapy.elsclient - INFO - Sending GET request to https://api.elsevier.com/content/search/scopus?start=75&count=25&query=%22Markov+decision+process%22+AND+%22credit+risk%22
2023-10-04 11:05:59,566 - elsapy.elsclient - INFO - Sending GET request to https://api.elsevier.com/content/search/scopus?start=100&count=25&query=%22Markov+decision+process%22+AND+%22credit+risk%22
2023-10-04 11:06:00,213 - elsapy.utils - INFO - Converting prism:coverDate
2023-10-04 11:08:18,093 - elsapy.elsclient - INFO - Sending GET request to https://api.elsevier.com/content/search/scopus?query=%22Markov+decision+process%22+AND+%22credit+risk%22
2023-10-04 11:08:19,920 - elsapy.elsclient - INFO - Sending GET request to https://api.elsevier.com/content/search/scopus?start=25&count=25&query=%22Markov+decision+process%22+AND+%22credit+risk%22
2023-10-04 11:08:21,874 - elsapy.elsclient - INFO - Sending GET request to https://api.elsevier.com/content/search/scopus?start=50&count=25&query=%22Markov+decision+process%22+AND+%22credit+risk%22
2023-10-04 11:08:23,877 - elsapy.elsclient - INFO - Sending GET request to https://api.elsevier.com/content/search/scopus?start=75&count=25&query=%22Markov+decision+process%22+AND+%22credit+risk%22
2023-10-04 11:08:25,526 - elsapy.elsclient - INFO - Sending GET request to https://api.elsevier.com/content/search/scopus?start=100&count=25&query=%22Markov+decision+process%22+AND+%22credit+risk%22
2023-10-04 11:08:26,032 - elsapy.utils - INFO - Converting prism:coverDate
2023-10-04 11:09:38,182 - elsapy.elsclient - INFO - Sending GET request to https://api.elsevier.com/content/search/scopus?query=%22Markov+decision+process%22+AND+%22credit+risk%22
2023-10-04 11:09:39,885 - elsapy.elsclient - INFO - Sending GET request to https://api.elsevier.com/content/search/scopus?start=25&count=25&query=%22Markov+decision+process%22+AND+%22credit+risk%22
2023-10-04 11:09:41,593 - elsapy.elsclient - INFO - Sending GET request to https://api.elsevier.com/content/search/scopus?start=50&count=25&query=%22Markov+decision+process%22+AND+%22credit+risk%22
2023-10-04 11:09:43,244 - elsapy.elsclient - INFO - Sending GET request to https://api.elsevier.com/content/search/scopus?start=75&count=25&query=%22Markov+decision+process%22+AND+%22credit+risk%22
2023-10-04 11:09:44,891 - elsapy.elsclient - INFO - Sending GET request to https://api.elsevier.com/content/search/scopus?start=100&count=25&query=%22Markov+decision+process%22+AND+%22credit+risk%22
2023-10-04 11:09:45,444 - elsapy.utils - INFO - Converting prism:coverDate
